2024/09/12 17:09:17.219||WARN|SystemServices.Test2|查找数据失败，重试第一次 
2024/09/12 17:09:17.219||WARN|SystemServices.Test2|查找数据失败，重试第二次 
2024/09/12 17:09:17.237||ERROR|SystemServices.Test2|查找数据最终失败 
2024/09/12 17:09:17.237||DEBUG|SystemServices.Test2|开始执行FTP同步 
2024/09/12 17:09:17.237||DEBUG|SystemServices.Test2|连接FTP成功 
2024/09/12 17:09:17.237||WARN|SystemServices.Test2|查找数据失败，重试第一次 
2024/09/12 17:09:17.237||WARN|SystemServices.Test2|查找数据失败，重试第二次 
2024/09/12 17:09:17.237||ERROR|SystemServices.Test2|查找数据最终失败 
2024/09/12 17:09:17.256||DEBUG|SystemServices.Test2|开始执行FTP同步 
2024/09/12 17:09:17.256||DEBUG|SystemServices.Test2|连接FTP成功 
2024/09/12 17:09:17.256||WARN|SystemServices.Test2|查找数据失败，重试第一次 
2024/09/12 17:09:17.256||WARN|SystemServices.Test2|查找数据失败，重试第二次 
2024/09/12 17:09:17.256||ERROR|SystemServices.Test2|查找数据最终失败 
2024/09/12 17:09:17.267||DEBUG|SystemServices.Test2|开始执行FTP同步 
2024/09/12 17:09:17.267||DEBUG|SystemServices.Test2|连接FTP成功 
2024/09/12 17:09:17.267||WARN|SystemServices.Test2|查找数据失败，重试第一次 
2024/09/12 17:09:17.267||WARN|SystemServices.Test2|查找数据失败，重试第二次 
2024/09/12 17:09:17.267||ERROR|SystemServices.Test2|查找数据最终失败 
2024/09/12 17:09:17.267||DEBUG|SystemServices.Test2|开始执行FTP同步 
2024/09/12 17:09:17.267||DEBUG|SystemServices.Test2|连接FTP成功 
2024/09/12 17:09:17.267||WARN|SystemServices.Test2|查找数据失败，重试第一次 
2024/09/12 17:09:17.267||WARN|SystemServices.Test2|查找数据失败，重试第二次 
2024/09/12 17:09:17.267||ERROR|SystemServices.Test2|查找数据最终失败 
2024/09/12 17:09:17.287||DEBUG|SystemServices.Test2|开始执行FTP同步 
2024/09/12 17:09:17.287||DEBUG|SystemServices.Test2|连接FTP成功 
2024/09/12 17:09:17.287||WARN|SystemServices.Test2|查找数据失败，重试第一次 
2024/09/12 17:09:17.287||WARN|SystemServices.Test2|查找数据失败，重试第二次 
2024/09/12 17:09:17.287||ERROR|SystemServices.Test2|查找数据最终失败 
2024/09/12 17:09:17.297||DEBUG|SystemServices.Test2|开始执行FTP同步 
2024/09/12 17:09:17.297||DEBUG|SystemServices.Test2|连接FTP成功 
2024/09/12 17:09:17.297||WARN|SystemServices.Test2|查找数据失败，重试第一次 
2024/09/12 17:09:17.297||WARN|SystemServices.Test2|查找数据失败，重试第二次 
2024/09/12 17:09:17.297||ERROR|SystemServices.Test2|查找数据最终失败 
2024/09/12 17:09:17.297||DEBUG|SystemServices.Test2|开始执行FTP同步 
2024/09/12 17:09:17.297||DEBUG|SystemServices.Test2|连接FTP成功 
2024/09/12 17:09:17.297||WARN|SystemServices.Test2|查找数据失败，重试第一次 
2024/09/12 17:09:17.297||WARN|SystemServices.Test2|查找数据失败，重试第二次 
2024/09/12 17:09:17.297||ERROR|SystemServices.Test2|查找数据最终失败 
2024/09/12 17:09:17.317||DEBUG|SystemServices.Test2|开始执行FTP同步 
2024/09/12 17:09:17.317||DEBUG|SystemServices.Test2|连接FTP成功 
2024/09/12 17:09:17.317||WARN|SystemServices.Test2|查找数据失败，重试第一次 
2024/09/12 17:09:17.317||WARN|SystemServices.Test2|查找数据失败，重试第二次 
2024/09/12 17:09:17.317||ERROR|SystemServices.Test2|查找数据最终失败 
2024/09/12 17:09:17.330||DEBUG|SystemServices.Test2|开始执行FTP同步 
2024/09/12 17:09:17.330||DEBUG|SystemServices.Test2|连接FTP成功 
2024/09/12 17:09:17.330||WARN|SystemServices.Test2|查找数据失败，重试第一次 
2024/09/12 17:09:17.330||WARN|SystemServices.Test2|查找数据失败，重试第二次 
2024/09/12 17:09:17.330||ERROR|SystemServices.Test2|查找数据最终失败 
2024/09/12 17:09:17.330||DEBUG|SystemServices.Test2|开始执行FTP同步 
2024/09/12 17:09:17.330||DEBUG|SystemServices.Test2|连接FTP成功 
2024/09/12 17:09:17.330||WARN|SystemServices.Test2|查找数据失败，重试第一次 
2024/09/12 17:09:17.330||WARN|SystemServices.Test2|查找数据失败，重试第二次 
2024/09/12 17:09:17.330||ERROR|SystemServices.Test2|查找数据最终失败 
2024/09/12 17:09:17.350||DEBUG|SystemServices.Test2|开始执行FTP同步 
2024/09/12 17:09:17.350||DEBUG|SystemServices.Test2|连接FTP成功 
2024/09/12 17:09:17.350||WARN|SystemServices.Test2|查找数据失败，重试第一次 
2024/09/12 17:09:17.350||WARN|SystemServices.Test2|查找数据失败，重试第二次 
2024/09/12 17:09:17.350||ERROR|SystemServices.Test2|查找数据最终失败 
