2024/09/12 17:09:16.408||WARN|SystemServices.Test2|查找数据失败，重试第二次 
2024/09/12 17:09:16.408||ERROR|SystemServices.Test2|查找数据最终失败 
2024/09/12 17:09:16.428||DEBUG|SystemServices.Test2|开始执行FTP同步 
2024/09/12 17:09:16.428||DEBUG|SystemServices.Test2|连接FTP成功 
2024/09/12 17:09:16.428||WARN|SystemServices.Test2|查找数据失败，重试第一次 
2024/09/12 17:09:16.428||WARN|SystemServices.Test2|查找数据失败，重试第二次 
2024/09/12 17:09:16.428||ERROR|SystemServices.Test2|查找数据最终失败 
2024/09/12 17:09:16.438||DEBUG|SystemServices.Test2|开始执行FTP同步 
2024/09/12 17:09:16.438||DEBUG|SystemServices.Test2|连接FTP成功 
2024/09/12 17:09:16.438||WARN|SystemServices.Test2|查找数据失败，重试第一次 
2024/09/12 17:09:16.438||WARN|SystemServices.Test2|查找数据失败，重试第二次 
2024/09/12 17:09:16.438||ERROR|SystemServices.Test2|查找数据最终失败 
2024/09/12 17:09:16.438||DEBUG|SystemServices.Test2|开始执行FTP同步 
2024/09/12 17:09:16.438||DEBUG|SystemServices.Test2|连接FTP成功 
2024/09/12 17:09:16.438||WARN|SystemServices.Test2|查找数据失败，重试第一次 
2024/09/12 17:09:16.438||WARN|SystemServices.Test2|查找数据失败，重试第二次 
2024/09/12 17:09:16.438||ERROR|SystemServices.Test2|查找数据最终失败 
2024/09/12 17:09:16.459||DEBUG|SystemServices.Test2|开始执行FTP同步 
2024/09/12 17:09:16.459||DEBUG|SystemServices.Test2|连接FTP成功 
2024/09/12 17:09:16.459||WARN|SystemServices.Test2|查找数据失败，重试第一次 
2024/09/12 17:09:16.459||WARN|SystemServices.Test2|查找数据失败，重试第二次 
2024/09/12 17:09:16.459||ERROR|SystemServices.Test2|查找数据最终失败 
2024/09/12 17:09:16.471||DEBUG|SystemServices.Test2|开始执行FTP同步 
2024/09/12 17:09:16.471||DEBUG|SystemServices.Test2|连接FTP成功 
2024/09/12 17:09:16.471||WARN|SystemServices.Test2|查找数据失败，重试第一次 
2024/09/12 17:09:16.471||WARN|SystemServices.Test2|查找数据失败，重试第二次 
2024/09/12 17:09:16.471||ERROR|SystemServices.Test2|查找数据最终失败 
2024/09/12 17:09:16.471||DEBUG|SystemServices.Test2|开始执行FTP同步 
2024/09/12 17:09:16.471||DEBUG|SystemServices.Test2|连接FTP成功 
2024/09/12 17:09:16.471||WARN|SystemServices.Test2|查找数据失败，重试第一次 
2024/09/12 17:09:16.471||WARN|SystemServices.Test2|查找数据失败，重试第二次 
2024/09/12 17:09:16.471||ERROR|SystemServices.Test2|查找数据最终失败 
2024/09/12 17:09:16.490||DEBUG|SystemServices.Test2|开始执行FTP同步 
2024/09/12 17:09:16.490||DEBUG|SystemServices.Test2|连接FTP成功 
2024/09/12 17:09:16.490||WARN|SystemServices.Test2|查找数据失败，重试第一次 
2024/09/12 17:09:16.490||WARN|SystemServices.Test2|查找数据失败，重试第二次 
2024/09/12 17:09:16.490||ERROR|SystemServices.Test2|查找数据最终失败 
2024/09/12 17:09:16.500||DEBUG|SystemServices.Test2|开始执行FTP同步 
2024/09/12 17:09:16.500||DEBUG|SystemServices.Test2|连接FTP成功 
2024/09/12 17:09:16.500||WARN|SystemServices.Test2|查找数据失败，重试第一次 
2024/09/12 17:09:16.500||WARN|SystemServices.Test2|查找数据失败，重试第二次 
2024/09/12 17:09:16.500||ERROR|SystemServices.Test2|查找数据最终失败 
2024/09/12 17:09:16.500||DEBUG|SystemServices.Test2|开始执行FTP同步 
2024/09/12 17:09:16.500||DEBUG|SystemServices.Test2|连接FTP成功 
2024/09/12 17:09:16.500||WARN|SystemServices.Test2|查找数据失败，重试第一次 
2024/09/12 17:09:16.500||WARN|SystemServices.Test2|查找数据失败，重试第二次 
2024/09/12 17:09:16.500||ERROR|SystemServices.Test2|查找数据最终失败 
2024/09/12 17:09:16.522||DEBUG|SystemServices.Test2|开始执行FTP同步 
2024/09/12 17:09:16.522||DEBUG|SystemServices.Test2|连接FTP成功 
2024/09/12 17:09:16.522||WARN|SystemServices.Test2|查找数据失败，重试第一次 
2024/09/12 17:09:16.522||WARN|SystemServices.Test2|查找数据失败，重试第二次 
2024/09/12 17:09:16.522||ERROR|SystemServices.Test2|查找数据最终失败 
2024/09/12 17:09:16.534||DEBUG|SystemServices.Test2|开始执行FTP同步 
2024/09/12 17:09:16.534||DEBUG|SystemServices.Test2|连接FTP成功 
2024/09/12 17:09:16.534||WARN|SystemServices.Test2|查找数据失败，重试第一次 
2024/09/12 17:09:16.534||WARN|SystemServices.Test2|查找数据失败，重试第二次 
2024/09/12 17:09:16.534||ERROR|SystemServices.Test2|查找数据最终失败 
2024/09/12 17:09:16.534||DEBUG|SystemServices.Test2|开始执行FTP同步 
2024/09/12 17:09:16.534||DEBUG|SystemServices.Test2|连接FTP成功 
2024/09/12 17:09:16.534||WARN|SystemServices.Test2|查找数据失败，重试第一次 
2024/09/12 17:09:16.534||WARN|SystemServices.Test2|查找数据失败，重试第二次 
2024/09/12 17:09:16.534||ERROR|SystemServices.Test2|查找数据最终失败 
2024/09/12 17:09:16.550||DEBUG|SystemServices.Test2|开始执行FTP同步 
2024/09/12 17:09:16.550||DEBUG|SystemServices.Test2|连接FTP成功 
2024/09/12 17:09:16.550||WARN|SystemServices.Test2|查找数据失败，重试第一次 
2024/09/12 17:09:16.550||WARN|SystemServices.Test2|查找数据失败，重试第二次 
2024/09/12 17:09:16.550||ERROR|SystemServices.Test2|查找数据最终失败 
2024/09/12 17:09:16.567||DEBUG|SystemServices.Test2|开始执行FTP同步 
2024/09/12 17:09:16.567||DEBUG|SystemServices.Test2|连接FTP成功 
2024/09/12 17:09:16.567||WARN|SystemServices.Test2|查找数据失败，重试第一次 
2024/09/12 17:09:16.567||WARN|SystemServices.Test2|查找数据失败，重试第二次 
2024/09/12 17:09:16.567||ERROR|SystemServices.Test2|查找数据最终失败 
2024/09/12 17:09:16.579||DEBUG|SystemServices.Test2|开始执行FTP同步 
2024/09/12 17:09:16.579||DEBUG|SystemServices.Test2|连接FTP成功 
2024/09/12 17:09:16.579||WARN|SystemServices.Test2|查找数据失败，重试第一次 
2024/09/12 17:09:16.579||WARN|SystemServices.Test2|查找数据失败，重试第二次 
2024/09/12 17:09:16.579||ERROR|SystemServices.Test2|查找数据最终失败 
2024/09/12 17:09:16.579||DEBUG|SystemServices.Test2|开始执行FTP同步 
2024/09/12 17:09:16.579||DEBUG|SystemServices.Test2|连接FTP成功 
2024/09/12 17:09:16.579||WARN|SystemServices.Test2|查找数据失败，重试第一次 
2024/09/12 17:09:16.579||WARN|SystemServices.Test2|查找数据失败，重试第二次 
2024/09/12 17:09:16.579||ERROR|SystemServices.Test2|查找数据最终失败 
2024/09/12 17:09:16.601||DEBUG|SystemServices.Test2|开始执行FTP同步 
2024/09/12 17:09:16.601||DEBUG|SystemServices.Test2|连接FTP成功 
2024/09/12 17:09:16.601||WARN|SystemServices.Test2|查找数据失败，重试第一次 
2024/09/12 17:09:16.601||WARN|SystemServices.Test2|查找数据失败，重试第二次 
2024/09/12 17:09:16.601||ERROR|SystemServices.Test2|查找数据最终失败 
2024/09/12 17:09:16.611||DEBUG|SystemServices.Test2|开始执行FTP同步 
2024/09/12 17:09:16.611||DEBUG|SystemServices.Test2|连接FTP成功 
2024/09/12 17:09:16.611||WARN|SystemServices.Test2|查找数据失败，重试第一次 
2024/09/12 17:09:16.611||WARN|SystemServices.Test2|查找数据失败，重试第二次 
2024/09/12 17:09:16.611||ERROR|SystemServices.Test2|查找数据最终失败 
2024/09/12 17:09:16.611||DEBUG|SystemServices.Test2|开始执行FTP同步 
2024/09/12 17:09:16.611||DEBUG|SystemServices.Test2|连接FTP成功 
2024/09/12 17:09:16.611||WARN|SystemServices.Test2|查找数据失败，重试第一次 
2024/09/12 17:09:16.611||WARN|SystemServices.Test2|查找数据失败，重试第二次 
2024/09/12 17:09:16.611||ERROR|SystemServices.Test2|查找数据最终失败 
2024/09/12 17:09:16.626||DEBUG|SystemServices.Test2|开始执行FTP同步 
2024/09/12 17:09:16.626||DEBUG|SystemServices.Test2|连接FTP成功 
2024/09/12 17:09:16.626||WARN|SystemServices.Test2|查找数据失败，重试第一次 
2024/09/12 17:09:16.626||WARN|SystemServices.Test2|查找数据失败，重试第二次 
2024/09/12 17:09:16.626||ERROR|SystemServices.Test2|查找数据最终失败 
2024/09/12 17:09:16.644||DEBUG|SystemServices.Test2|开始执行FTP同步 
2024/09/12 17:09:16.644||DEBUG|SystemServices.Test2|连接FTP成功 
2024/09/12 17:09:16.644||WARN|SystemServices.Test2|查找数据失败，重试第一次 
2024/09/12 17:09:16.644||WARN|SystemServices.Test2|查找数据失败，重试第二次 
2024/09/12 17:09:16.644||ERROR|SystemServices.Test2|查找数据最终失败 
2024/09/12 17:09:16.657||DEBUG|SystemServices.Test2|开始执行FTP同步 
2024/09/12 17:09:16.657||DEBUG|SystemServices.Test2|连接FTP成功 
2024/09/12 17:09:16.657||WARN|SystemServices.Test2|查找数据失败，重试第一次 
2024/09/12 17:09:16.657||WARN|SystemServices.Test2|查找数据失败，重试第二次 
2024/09/12 17:09:16.657||ERROR|SystemServices.Test2|查找数据最终失败 
2024/09/12 17:09:16.657||DEBUG|SystemServices.Test2|开始执行FTP同步 
2024/09/12 17:09:16.657||DEBUG|SystemServices.Test2|连接FTP成功 
2024/09/12 17:09:16.657||WARN|SystemServices.Test2|查找数据失败，重试第一次 
2024/09/12 17:09:16.657||WARN|SystemServices.Test2|查找数据失败，重试第二次 
2024/09/12 17:09:16.657||ERROR|SystemServices.Test2|查找数据最终失败 
2024/09/12 17:09:16.675||DEBUG|SystemServices.Test2|开始执行FTP同步 
2024/09/12 17:09:16.675||DEBUG|SystemServices.Test2|连接FTP成功 
2024/09/12 17:09:16.675||WARN|SystemServices.Test2|查找数据失败，重试第一次 
2024/09/12 17:09:16.675||WARN|SystemServices.Test2|查找数据失败，重试第二次 
2024/09/12 17:09:16.675||ERROR|SystemServices.Test2|查找数据最终失败 
2024/09/12 17:09:16.689||DEBUG|SystemServices.Test2|开始执行FTP同步 
