2024/09/12 17:09:16.954||ERROR|SystemServices.Test2|查找数据最终失败 
2024/09/12 17:09:16.954||DEBUG|SystemServices.Test2|开始执行FTP同步 
2024/09/12 17:09:16.954||DEBUG|SystemServices.Test2|连接FTP成功 
2024/09/12 17:09:16.954||WARN|SystemServices.Test2|查找数据失败，重试第一次 
2024/09/12 17:09:16.954||WARN|SystemServices.Test2|查找数据失败，重试第二次 
2024/09/12 17:09:16.954||ERROR|SystemServices.Test2|查找数据最终失败 
2024/09/12 17:09:16.976||DEBUG|SystemServices.Test2|开始执行FTP同步 
2024/09/12 17:09:16.976||DEBUG|SystemServices.Test2|连接FTP成功 
2024/09/12 17:09:16.976||WARN|SystemServices.Test2|查找数据失败，重试第一次 
2024/09/12 17:09:16.976||WARN|SystemServices.Test2|查找数据失败，重试第二次 
2024/09/12 17:09:16.976||ERROR|SystemServices.Test2|查找数据最终失败 
2024/09/12 17:09:16.989||DEBUG|SystemServices.Test2|开始执行FTP同步 
2024/09/12 17:09:16.989||DEBUG|SystemServices.Test2|连接FTP成功 
2024/09/12 17:09:16.989||WARN|SystemServices.Test2|查找数据失败，重试第一次 
2024/09/12 17:09:16.989||WARN|SystemServices.Test2|查找数据失败，重试第二次 
2024/09/12 17:09:16.989||ERROR|SystemServices.Test2|查找数据最终失败 
2024/09/12 17:09:17.002||DEBUG|SystemServices.Test2|开始执行FTP同步 
2024/09/12 17:09:17.002||DEBUG|SystemServices.Test2|连接FTP成功 
2024/09/12 17:09:17.002||WARN|SystemServices.Test2|查找数据失败，重试第一次 
2024/09/12 17:09:17.002||WARN|SystemServices.Test2|查找数据失败，重试第二次 
2024/09/12 17:09:17.002||ERROR|SystemServices.Test2|查找数据最终失败 
2024/09/12 17:09:17.002||DEBUG|SystemServices.Test2|开始执行FTP同步 
2024/09/12 17:09:17.002||DEBUG|SystemServices.Test2|连接FTP成功 
2024/09/12 17:09:17.002||WARN|SystemServices.Test2|查找数据失败，重试第一次 
2024/09/12 17:09:17.002||WARN|SystemServices.Test2|查找数据失败，重试第二次 
2024/09/12 17:09:17.002||ERROR|SystemServices.Test2|查找数据最终失败 
2024/09/12 17:09:17.021||DEBUG|SystemServices.Test2|开始执行FTP同步 
2024/09/12 17:09:17.021||DEBUG|SystemServices.Test2|连接FTP成功 
2024/09/12 17:09:17.021||WARN|SystemServices.Test2|查找数据失败，重试第一次 
2024/09/12 17:09:17.021||WARN|SystemServices.Test2|查找数据失败，重试第二次 
2024/09/12 17:09:17.021||ERROR|SystemServices.Test2|查找数据最终失败 
2024/09/12 17:09:17.033||DEBUG|SystemServices.Test2|开始执行FTP同步 
2024/09/12 17:09:17.033||DEBUG|SystemServices.Test2|连接FTP成功 
2024/09/12 17:09:17.033||WARN|SystemServices.Test2|查找数据失败，重试第一次 
2024/09/12 17:09:17.033||WARN|SystemServices.Test2|查找数据失败，重试第二次 
2024/09/12 17:09:17.033||ERROR|SystemServices.Test2|查找数据最终失败 
2024/09/12 17:09:17.033||DEBUG|SystemServices.Test2|开始执行FTP同步 
2024/09/12 17:09:17.033||DEBUG|SystemServices.Test2|连接FTP成功 
2024/09/12 17:09:17.033||WARN|SystemServices.Test2|查找数据失败，重试第一次 
2024/09/12 17:09:17.033||WARN|SystemServices.Test2|查找数据失败，重试第二次 
2024/09/12 17:09:17.033||ERROR|SystemServices.Test2|查找数据最终失败 
2024/09/12 17:09:17.052||DEBUG|SystemServices.Test2|开始执行FTP同步 
2024/09/12 17:09:17.052||DEBUG|SystemServices.Test2|连接FTP成功 
2024/09/12 17:09:17.052||WARN|SystemServices.Test2|查找数据失败，重试第一次 
2024/09/12 17:09:17.052||WARN|SystemServices.Test2|查找数据失败，重试第二次 
2024/09/12 17:09:17.052||ERROR|SystemServices.Test2|查找数据最终失败 
2024/09/12 17:09:17.066||DEBUG|SystemServices.Test2|开始执行FTP同步 
2024/09/12 17:09:17.066||DEBUG|SystemServices.Test2|连接FTP成功 
2024/09/12 17:09:17.066||WARN|SystemServices.Test2|查找数据失败，重试第一次 
2024/09/12 17:09:17.066||WARN|SystemServices.Test2|查找数据失败，重试第二次 
2024/09/12 17:09:17.066||ERROR|SystemServices.Test2|查找数据最终失败 
2024/09/12 17:09:17.066||DEBUG|SystemServices.Test2|开始执行FTP同步 
2024/09/12 17:09:17.066||DEBUG|SystemServices.Test2|连接FTP成功 
2024/09/12 17:09:17.066||WARN|SystemServices.Test2|查找数据失败，重试第一次 
2024/09/12 17:09:17.066||WARN|SystemServices.Test2|查找数据失败，重试第二次 
2024/09/12 17:09:17.066||ERROR|SystemServices.Test2|查找数据最终失败 
2024/09/12 17:09:17.085||DEBUG|SystemServices.Test2|开始执行FTP同步 
2024/09/12 17:09:17.085||DEBUG|SystemServices.Test2|连接FTP成功 
2024/09/12 17:09:17.085||WARN|SystemServices.Test2|查找数据失败，重试第一次 
2024/09/12 17:09:17.085||WARN|SystemServices.Test2|查找数据失败，重试第二次 
2024/09/12 17:09:17.085||ERROR|SystemServices.Test2|查找数据最终失败 
2024/09/12 17:09:17.099||DEBUG|SystemServices.Test2|开始执行FTP同步 
2024/09/12 17:09:17.099||DEBUG|SystemServices.Test2|连接FTP成功 
2024/09/12 17:09:17.099||WARN|SystemServices.Test2|查找数据失败，重试第一次 
2024/09/12 17:09:17.099||WARN|SystemServices.Test2|查找数据失败，重试第二次 
2024/09/12 17:09:17.099||ERROR|SystemServices.Test2|查找数据最终失败 
2024/09/12 17:09:17.113||DEBUG|SystemServices.Test2|开始执行FTP同步 
2024/09/12 17:09:17.113||DEBUG|SystemServices.Test2|连接FTP成功 
2024/09/12 17:09:17.113||WARN|SystemServices.Test2|查找数据失败，重试第一次 
2024/09/12 17:09:17.113||WARN|SystemServices.Test2|查找数据失败，重试第二次 
2024/09/12 17:09:17.113||ERROR|SystemServices.Test2|查找数据最终失败 
2024/09/12 17:09:17.113||DEBUG|SystemServices.Test2|开始执行FTP同步 
2024/09/12 17:09:17.113||DEBUG|SystemServices.Test2|连接FTP成功 
2024/09/12 17:09:17.113||WARN|SystemServices.Test2|查找数据失败，重试第一次 
2024/09/12 17:09:17.113||WARN|SystemServices.Test2|查找数据失败，重试第二次 
2024/09/12 17:09:17.113||ERROR|SystemServices.Test2|查找数据最终失败 
2024/09/12 17:09:17.132||DEBUG|SystemServices.Test2|开始执行FTP同步 
2024/09/12 17:09:17.132||DEBUG|SystemServices.Test2|连接FTP成功 
2024/09/12 17:09:17.132||WARN|SystemServices.Test2|查找数据失败，重试第一次 
2024/09/12 17:09:17.132||WARN|SystemServices.Test2|查找数据失败，重试第二次 
2024/09/12 17:09:17.132||ERROR|SystemServices.Test2|查找数据最终失败 
2024/09/12 17:09:17.143||DEBUG|SystemServices.Test2|开始执行FTP同步 
2024/09/12 17:09:17.143||DEBUG|SystemServices.Test2|连接FTP成功 
2024/09/12 17:09:17.143||WARN|SystemServices.Test2|查找数据失败，重试第一次 
2024/09/12 17:09:17.143||WARN|SystemServices.Test2|查找数据失败，重试第二次 
2024/09/12 17:09:17.143||ERROR|SystemServices.Test2|查找数据最终失败 
2024/09/12 17:09:17.143||DEBUG|SystemServices.Test2|开始执行FTP同步 
2024/09/12 17:09:17.143||DEBUG|SystemServices.Test2|连接FTP成功 
2024/09/12 17:09:17.143||WARN|SystemServices.Test2|查找数据失败，重试第一次 
2024/09/12 17:09:17.143||WARN|SystemServices.Test2|查找数据失败，重试第二次 
2024/09/12 17:09:17.143||ERROR|SystemServices.Test2|查找数据最终失败 
2024/09/12 17:09:17.157||DEBUG|SystemServices.Test2|开始执行FTP同步 
2024/09/12 17:09:17.157||DEBUG|SystemServices.Test2|连接FTP成功 
2024/09/12 17:09:17.157||WARN|SystemServices.Test2|查找数据失败，重试第一次 
2024/09/12 17:09:17.157||WARN|SystemServices.Test2|查找数据失败，重试第二次 
2024/09/12 17:09:17.157||ERROR|SystemServices.Test2|查找数据最终失败 
2024/09/12 17:09:17.179||DEBUG|SystemServices.Test2|开始执行FTP同步 
2024/09/12 17:09:17.179||DEBUG|SystemServices.Test2|连接FTP成功 
2024/09/12 17:09:17.179||WARN|SystemServices.Test2|查找数据失败，重试第一次 
2024/09/12 17:09:17.179||WARN|SystemServices.Test2|查找数据失败，重试第二次 
2024/09/12 17:09:17.179||ERROR|SystemServices.Test2|查找数据最终失败 
2024/09/12 17:09:17.190||DEBUG|SystemServices.Test2|开始执行FTP同步 
2024/09/12 17:09:17.190||DEBUG|SystemServices.Test2|连接FTP成功 
2024/09/12 17:09:17.190||WARN|SystemServices.Test2|查找数据失败，重试第一次 
2024/09/12 17:09:17.190||WARN|SystemServices.Test2|查找数据失败，重试第二次 
2024/09/12 17:09:17.190||ERROR|SystemServices.Test2|查找数据最终失败 
2024/09/12 17:09:17.190||DEBUG|SystemServices.Test2|开始执行FTP同步 
2024/09/12 17:09:17.190||DEBUG|SystemServices.Test2|连接FTP成功 
2024/09/12 17:09:17.190||WARN|SystemServices.Test2|查找数据失败，重试第一次 
2024/09/12 17:09:17.190||WARN|SystemServices.Test2|查找数据失败，重试第二次 
2024/09/12 17:09:17.190||ERROR|SystemServices.Test2|查找数据最终失败 
2024/09/12 17:09:17.210||DEBUG|SystemServices.Test2|开始执行FTP同步 
2024/09/12 17:09:17.210||DEBUG|SystemServices.Test2|连接FTP成功 
2024/09/12 17:09:17.210||WARN|SystemServices.Test2|查找数据失败，重试第一次 
2024/09/12 17:09:17.210||WARN|SystemServices.Test2|查找数据失败，重试第二次 
2024/09/12 17:09:17.210||ERROR|SystemServices.Test2|查找数据最终失败 
2024/09/12 17:09:17.219||DEBUG|SystemServices.Test2|开始执行FTP同步 
2024/09/12 17:09:17.219||DEBUG|SystemServices.Test2|连接FTP成功 
2024/09/12 17:09:17.219||WARN|SystemServices.Test2|查找数据失败，重试第一次 
2024/09/12 17:09:17.219||WARN|SystemServices.Test2|查找数据失败，重试第二次 
2024/09/12 17:09:17.219||ERROR|SystemServices.Test2|查找数据最终失败 
2024/09/12 17:09:17.219||DEBUG|SystemServices.Test2|开始执行FTP同步 
2024/09/12 17:09:17.219||DEBUG|SystemServices.Test2|连接FTP成功 
