2024/09/12 17:09:16.689||DEBUG|SystemServices.Test2|连接FTP成功 
2024/09/12 17:09:16.689||WARN|SystemServices.Test2|查找数据失败，重试第一次 
2024/09/12 17:09:16.689||WARN|SystemServices.Test2|查找数据失败，重试第二次 
2024/09/12 17:09:16.689||ERROR|SystemServices.Test2|查找数据最终失败 
2024/09/12 17:09:16.689||DEBUG|SystemServices.Test2|开始执行FTP同步 
2024/09/12 17:09:16.689||DEBUG|SystemServices.Test2|连接FTP成功 
2024/09/12 17:09:16.689||WARN|SystemServices.Test2|查找数据失败，重试第一次 
2024/09/12 17:09:16.689||WARN|SystemServices.Test2|查找数据失败，重试第二次 
2024/09/12 17:09:16.689||ERROR|SystemServices.Test2|查找数据最终失败 
2024/09/12 17:09:16.711||DEBUG|SystemServices.Test2|开始执行FTP同步 
2024/09/12 17:09:16.711||DEBUG|SystemServices.Test2|连接FTP成功 
2024/09/12 17:09:16.711||WARN|SystemServices.Test2|查找数据失败，重试第一次 
2024/09/12 17:09:16.711||WARN|SystemServices.Test2|查找数据失败，重试第二次 
2024/09/12 17:09:16.711||ERROR|SystemServices.Test2|查找数据最终失败 
2024/09/12 17:09:16.721||DEBUG|SystemServices.Test2|开始执行FTP同步 
2024/09/12 17:09:16.721||DEBUG|SystemServices.Test2|连接FTP成功 
2024/09/12 17:09:16.721||WARN|SystemServices.Test2|查找数据失败，重试第一次 
2024/09/12 17:09:16.721||WARN|SystemServices.Test2|查找数据失败，重试第二次 
2024/09/12 17:09:16.721||ERROR|SystemServices.Test2|查找数据最终失败 
2024/09/12 17:09:16.721||DEBUG|SystemServices.Test2|开始执行FTP同步 
2024/09/12 17:09:16.721||DEBUG|SystemServices.Test2|连接FTP成功 
2024/09/12 17:09:16.721||WARN|SystemServices.Test2|查找数据失败，重试第一次 
2024/09/12 17:09:16.721||WARN|SystemServices.Test2|查找数据失败，重试第二次 
2024/09/12 17:09:16.735||ERROR|SystemServices.Test2|查找数据最终失败 
2024/09/12 17:09:16.735||DEBUG|SystemServices.Test2|开始执行FTP同步 
2024/09/12 17:09:16.735||DEBUG|SystemServices.Test2|连接FTP成功 
2024/09/12 17:09:16.735||WARN|SystemServices.Test2|查找数据失败，重试第一次 
2024/09/12 17:09:16.735||WARN|SystemServices.Test2|查找数据失败，重试第二次 
2024/09/12 17:09:16.735||ERROR|SystemServices.Test2|查找数据最终失败 
2024/09/12 17:09:16.754||DEBUG|SystemServices.Test2|开始执行FTP同步 
2024/09/12 17:09:16.754||DEBUG|SystemServices.Test2|连接FTP成功 
2024/09/12 17:09:16.754||WARN|SystemServices.Test2|查找数据失败，重试第一次 
2024/09/12 17:09:16.754||WARN|SystemServices.Test2|查找数据失败，重试第二次 
2024/09/12 17:09:16.754||ERROR|SystemServices.Test2|查找数据最终失败 
2024/09/12 17:09:16.766||DEBUG|SystemServices.Test2|开始执行FTP同步 
2024/09/12 17:09:16.766||DEBUG|SystemServices.Test2|连接FTP成功 
2024/09/12 17:09:16.766||WARN|SystemServices.Test2|查找数据失败，重试第一次 
2024/09/12 17:09:16.766||WARN|SystemServices.Test2|查找数据失败，重试第二次 
2024/09/12 17:09:16.766||ERROR|SystemServices.Test2|查找数据最终失败 
2024/09/12 17:09:16.766||DEBUG|SystemServices.Test2|开始执行FTP同步 
2024/09/12 17:09:16.766||DEBUG|SystemServices.Test2|连接FTP成功 
2024/09/12 17:09:16.766||WARN|SystemServices.Test2|查找数据失败，重试第一次 
2024/09/12 17:09:16.766||WARN|SystemServices.Test2|查找数据失败，重试第二次 
2024/09/12 17:09:16.766||ERROR|SystemServices.Test2|查找数据最终失败 
2024/09/12 17:09:16.787||DEBUG|SystemServices.Test2|开始执行FTP同步 
2024/09/12 17:09:16.787||DEBUG|SystemServices.Test2|连接FTP成功 
2024/09/12 17:09:16.787||WARN|SystemServices.Test2|查找数据失败，重试第一次 
2024/09/12 17:09:16.787||WARN|SystemServices.Test2|查找数据失败，重试第二次 
2024/09/12 17:09:16.787||ERROR|SystemServices.Test2|查找数据最终失败 
2024/09/12 17:09:16.798||DEBUG|SystemServices.Test2|开始执行FTP同步 
2024/09/12 17:09:16.798||DEBUG|SystemServices.Test2|连接FTP成功 
2024/09/12 17:09:16.798||WARN|SystemServices.Test2|查找数据失败，重试第一次 
2024/09/12 17:09:16.798||WARN|SystemServices.Test2|查找数据失败，重试第二次 
2024/09/12 17:09:16.798||ERROR|SystemServices.Test2|查找数据最终失败 
2024/09/12 17:09:16.798||DEBUG|SystemServices.Test2|开始执行FTP同步 
2024/09/12 17:09:16.798||DEBUG|SystemServices.Test2|连接FTP成功 
2024/09/12 17:09:16.798||WARN|SystemServices.Test2|查找数据失败，重试第一次 
2024/09/12 17:09:16.798||WARN|SystemServices.Test2|查找数据失败，重试第二次 
2024/09/12 17:09:16.798||ERROR|SystemServices.Test2|查找数据最终失败 
2024/09/12 17:09:16.813||DEBUG|SystemServices.Test2|开始执行FTP同步 
2024/09/12 17:09:16.813||DEBUG|SystemServices.Test2|连接FTP成功 
2024/09/12 17:09:16.813||WARN|SystemServices.Test2|查找数据失败，重试第一次 
2024/09/12 17:09:16.813||WARN|SystemServices.Test2|查找数据失败，重试第二次 
2024/09/12 17:09:16.813||ERROR|SystemServices.Test2|查找数据最终失败 
2024/09/12 17:09:16.830||DEBUG|SystemServices.Test2|开始执行FTP同步 
2024/09/12 17:09:16.830||DEBUG|SystemServices.Test2|连接FTP成功 
2024/09/12 17:09:16.830||WARN|SystemServices.Test2|查找数据失败，重试第一次 
2024/09/12 17:09:16.830||WARN|SystemServices.Test2|查找数据失败，重试第二次 
2024/09/12 17:09:16.830||ERROR|SystemServices.Test2|查找数据最终失败 
2024/09/12 17:09:16.830||DEBUG|SystemServices.Test2|开始执行FTP同步 
2024/09/12 17:09:16.830||DEBUG|SystemServices.Test2|连接FTP成功 
2024/09/12 17:09:16.830||WARN|SystemServices.Test2|查找数据失败，重试第一次 
2024/09/12 17:09:16.830||WARN|SystemServices.Test2|查找数据失败，重试第二次 
2024/09/12 17:09:16.830||ERROR|SystemServices.Test2|查找数据最终失败 
2024/09/12 17:09:16.853||DEBUG|SystemServices.Test2|开始执行FTP同步 
2024/09/12 17:09:16.853||DEBUG|SystemServices.Test2|连接FTP成功 
2024/09/12 17:09:16.853||WARN|SystemServices.Test2|查找数据失败，重试第一次 
2024/09/12 17:09:16.853||WARN|SystemServices.Test2|查找数据失败，重试第二次 
2024/09/12 17:09:16.853||ERROR|SystemServices.Test2|查找数据最终失败 
2024/09/12 17:09:16.862||DEBUG|SystemServices.Test2|开始执行FTP同步 
2024/09/12 17:09:16.862||DEBUG|SystemServices.Test2|连接FTP成功 
2024/09/12 17:09:16.862||WARN|SystemServices.Test2|查找数据失败，重试第一次 
2024/09/12 17:09:16.862||WARN|SystemServices.Test2|查找数据失败，重试第二次 
2024/09/12 17:09:16.862||ERROR|SystemServices.Test2|查找数据最终失败 
2024/09/12 17:09:16.877||DEBUG|SystemServices.Test2|开始执行FTP同步 
2024/09/12 17:09:16.877||DEBUG|SystemServices.Test2|连接FTP成功 
2024/09/12 17:09:16.877||WARN|SystemServices.Test2|查找数据失败，重试第一次 
2024/09/12 17:09:16.877||WARN|SystemServices.Test2|查找数据失败，重试第二次 
2024/09/12 17:09:16.877||ERROR|SystemServices.Test2|查找数据最终失败 
2024/09/12 17:09:16.877||DEBUG|SystemServices.Test2|开始执行FTP同步 
2024/09/12 17:09:16.877||DEBUG|SystemServices.Test2|连接FTP成功 
2024/09/12 17:09:16.877||WARN|SystemServices.Test2|查找数据失败，重试第一次 
2024/09/12 17:09:16.877||WARN|SystemServices.Test2|查找数据失败，重试第二次 
2024/09/12 17:09:16.877||ERROR|SystemServices.Test2|查找数据最终失败 
2024/09/12 17:09:16.893||DEBUG|SystemServices.Test2|开始执行FTP同步 
2024/09/12 17:09:16.893||DEBUG|SystemServices.Test2|连接FTP成功 
2024/09/12 17:09:16.893||WARN|SystemServices.Test2|查找数据失败，重试第一次 
2024/09/12 17:09:16.893||WARN|SystemServices.Test2|查找数据失败，重试第二次 
2024/09/12 17:09:16.893||ERROR|SystemServices.Test2|查找数据最终失败 
2024/09/12 17:09:16.907||DEBUG|SystemServices.Test2|开始执行FTP同步 
2024/09/12 17:09:16.907||DEBUG|SystemServices.Test2|连接FTP成功 
2024/09/12 17:09:16.907||WARN|SystemServices.Test2|查找数据失败，重试第一次 
2024/09/12 17:09:16.907||WARN|SystemServices.Test2|查找数据失败，重试第二次 
2024/09/12 17:09:16.907||ERROR|SystemServices.Test2|查找数据最终失败 
2024/09/12 17:09:16.907||DEBUG|SystemServices.Test2|开始执行FTP同步 
2024/09/12 17:09:16.907||DEBUG|SystemServices.Test2|连接FTP成功 
2024/09/12 17:09:16.907||WARN|SystemServices.Test2|查找数据失败，重试第一次 
2024/09/12 17:09:16.907||WARN|SystemServices.Test2|查找数据失败，重试第二次 
2024/09/12 17:09:16.907||ERROR|SystemServices.Test2|查找数据最终失败 
2024/09/12 17:09:16.931||DEBUG|SystemServices.Test2|开始执行FTP同步 
2024/09/12 17:09:16.931||DEBUG|SystemServices.Test2|连接FTP成功 
2024/09/12 17:09:16.931||WARN|SystemServices.Test2|查找数据失败，重试第一次 
2024/09/12 17:09:16.931||WARN|SystemServices.Test2|查找数据失败，重试第二次 
2024/09/12 17:09:16.931||ERROR|SystemServices.Test2|查找数据最终失败 
2024/09/12 17:09:16.939||DEBUG|SystemServices.Test2|开始执行FTP同步 
2024/09/12 17:09:16.939||DEBUG|SystemServices.Test2|连接FTP成功 
2024/09/12 17:09:16.939||WARN|SystemServices.Test2|查找数据失败，重试第一次 
2024/09/12 17:09:16.939||WARN|SystemServices.Test2|查找数据失败，重试第二次 
2024/09/12 17:09:16.939||ERROR|SystemServices.Test2|查找数据最终失败 
2024/09/12 17:09:16.954||DEBUG|SystemServices.Test2|开始执行FTP同步 
2024/09/12 17:09:16.954||DEBUG|SystemServices.Test2|连接FTP成功 
2024/09/12 17:09:16.954||WARN|SystemServices.Test2|查找数据失败，重试第一次 
2024/09/12 17:09:16.954||WARN|SystemServices.Test2|查找数据失败，重试第二次 
